# JRE version: OpenJDK Runtime Environment Temurin-17.0.12+7 (17.0.12+7) (build 17.0.12+7)
# Java VM: OpenJDK 64-Bit Server VM Temurin-17.0.12+7 (17.0.12+7, mixed mode, sharing, tiered, compressed oops, compressed class ptrs, g1 gc, linux-amd64)
GC Precious Log:
 CPUs: 8 total, 8 available
 Memory: 3838M
 Large Page Support: Disabled
 NUMA Support: Disabled
 Compressed Oops: Enabled (32-bit)
 Heap Region Size: 1M
 Heap Min Capacity: 8M
 Heap Initial Capacity: 60M
 Heap Max Capacity: 960M
 Pre-touch: Disabled
 Parallel Workers: 8
 Concurrent Workers: 2
 Concurrent Refinement Workers: 8
 Periodic GC: Disabled
Heap:
 garbage-first heap   total 91136K, used 39714K [0x00000000c4000000, 0x0000000100000000)
  region size 1024K, 12 young (12288K), 6 survivors (6144K)
 Metaspace       used 78399K, committed 78976K, reserved 1179648K
  class space    used 10746K, committed 11008K, reserved 1048576K
GC Heap History (20 events):
Event: 6.469 GC heap before
{Heap before GC invocations=13 (full 0):
 garbage-first heap   total 81920K, used 21821K [0x00000000c4000000, 0x0000000100000000)
  region size 1024K, 9 young (9216K), 4 survivors (4096K)
 Metaspace       used 35552K, committed 35968K, reserved 1114112K
  class space    used 4422K, committed 4672K, reserved 1048576K
}
Event: 6.472 GC heap after
{Heap after GC invocations=14 (full 0):
 garbage-first heap   total 81920K, used 17854K [0x00000000c4000000, 0x0000000100000000)
  region size 1024K, 4 young (4096K), 4 survivors (4096K)
 Metaspace       used 35552K, committed 35968K, reserved 1114112K
  class space    used 4422K, committed 4672K, reserved 1048576K
}
Event: 7.546 GC heap before
{Heap before GC invocations=15 (full 0):
 garbage-first heap   total 75776K, used 58814K [0x00000000c4000000, 0x0000000100000000)
  region size 1024K, 44 young (45056K), 4 survivors (4096K)
 Metaspace       used 41734K, committed 42240K, reserved 1114112K
  class space    used 5475K, committed 5696K, reserved 1048576K
}
Event: 7.551 GC heap after
{Heap after GC invocations=16 (full 0):
 garbage-first heap   total 75776K, used 19463K [0x00000000c4000000, 0x0000000100000000)
  region size 1024K, 4 young (4096K), 4 survivors (4096K)
 Metaspace       used 41734K, committed 42240K, reserved 1114112K
  class space    used 5475K, committed 5696K, reserved 1048576K
}
Event: 8.189 GC heap before
{Heap before GC invocations=16 (full 0):
 garbage-first heap   total 75776K, used 57351K [0x00000000c4000000, 0x0000000100000000)
  region size 1024K, 42 young (43008K), 4 survivors (4096K)
 Metaspace       used 49401K, committed 49920K, reserved 1114112K
  class space    used 6611K, committed 6848K, reserved 1048576K
}
Event: 8.195 GC heap after
{Heap after GC invocations=17 (full 0):
 garbage-first heap   total 75776K, used 20879K [0x00000000c4000000, 0x0000000100000000)
  region size 1024K, 4 young (4096K), 4 survivors (4096K)
 Metaspace       used 49401K, committed 49920K, reserved 1114112K
  class space    used 6611K, committed 6848K, reserved 1048576K
}
Event: 9.238 GC heap before
{Heap before GC invocations=17 (full 0):
 garbage-first heap   total 75776K, used 59791K [0x00000000c4000000, 0x0000000100000000)
  region size 1024K, 42 young (43008K), 4 survivors (4096K)
 Metaspace       used 56051K, committed 56576K, reserved 1114112K
  class space    used 7658K, committed 7872K, reserved 1048576K
}
Event: 9.243 GC heap after
{Heap after GC invocations=18 (full 0):
 garbage-first heap   total 75776K, used 21726K [0x00000000c4000000, 0x0000000100000000)
  region size 1024K, 5 young (5120K), 5 survivors (5120K)
 Metaspace       used 56051K, committed 56576K, reserved 1114112K
  class space    used 7658K, committed 7872K, reserved 1048576K
}
Event: 9.638 GC heap before
{Heap before GC invocations=18 (full 0):
 garbage-first heap   total 75776K, used 44254K [0x00000000c4000000, 0x0000000100000000)
  region size 1024K, 28 young (28672K), 5 survivors (5120K)
 Metaspace       used 59657K, committed 60160K, reserved 1114112K
  class space    used 8063K, committed 8320K, reserved 1048576K
}
Event: 9.645 GC heap after
{Heap after GC invocations=19 (full 0):
 garbage-first heap   total 75776K, used 23386K [0x00000000c4000000, 0x0000000100000000)
  region size 1024K, 5 young (5120K), 5 survivors (5120K)
 Metaspace       used 59657K, committed 60160K, reserved 1114112K
  class space    used 8063K, committed 8320K, reserved 1048576K
}
Event: 10.220 GC heap before
{Heap before GC invocations=20 (full 0):
 garbage-first heap   total 75776K, used 59226K [0x00000000c4000000, 0x0000000100000000)
  region size 1024K, 40 young (40960K), 5 survivors (5120K)
 Metaspace       used 63225K, committed 63872K, reserved 1114112K
  class space    used 8720K, committed 9024K, reserved 1048576K
}
Event: 10.226 GC heap after
{Heap after GC invocations=21 (full 0):
 garbage-first heap   total 75776K, used 25568K [0x00000000c4000000, 0x0000000100000000)
  region size 1024K, 4 young (4096K), 4 survivors (4096K)
 Metaspace       used 63225K, committed 63872K, reserved 1114112K
  class space    used 8720K, committed 9024K, reserved 1048576K
}
Event: 10.541 GC heap before
{Heap before GC invocations=21 (full 0):
 garbage-first heap   total 75776K, used 59360K [0x00000000c4000000, 0x0000000100000000)
  region size 1024K, 37 young (37888K), 4 survivors (4096K)
 Metaspace       used 66271K, committed 66880K, reserved 1114112K
  class space    used 9260K, committed 9536K, reserved 1048576K
}
Event: 10.547 GC heap after
{Heap after GC invocations=22 (full 0):
 garbage-first heap   total 75776K, used 27338K [0x00000000c4000000, 0x0000000100000000)
  region size 1024K, 5 young (5120K), 5 survivors (5120K)
 Metaspace       used 66271K, committed 66880K, reserved 1114112K
  class space    used 9260K, committed 9536K, reserved 1048576K
}
Event: 10.944 GC heap before
{Heap before GC invocations=22 (full 0):
 garbage-first heap   total 75776K, used 59082K [0x00000000c4000000, 0x0000000100000000)
  region size 1024K, 36 young (36864K), 5 survivors (5120K)
 Metaspace       used 68987K, committed 69568K, reserved 1114112K
  class space    used 9611K, committed 9920K, reserved 1048576K
}
Event: 10.950 GC heap after
{Heap after GC invocations=23 (full 0):
 garbage-first heap   total 91136K, used 29449K [0x00000000c4000000, 0x0000000100000000)
  region size 1024K, 4 young (4096K), 4 survivors (4096K)
 Metaspace       used 68987K, committed 69568K, reserved 1114112K
  class space    used 9611K, committed 9920K, reserved 1048576K
}
Event: 28.399 GC heap before
{Heap before GC invocations=23 (full 0):
 garbage-first heap   total 91136K, used 71433K [0x00000000c4000000, 0x0000000100000000)
  region size 1024K, 46 young (47104K), 4 survivors (4096K)
 Metaspace       used 73699K, committed 74240K, reserved 1114112K
  class space    used 10250K, committed 10496K, reserved 1048576K
}
Event: 28.405 GC heap after
{Heap after GC invocations=24 (full 0):
 garbage-first heap   total 91136K, used 31994K [0x00000000c4000000, 0x0000000100000000)
  region size 1024K, 5 young (5120K), 5 survivors (5120K)
 Metaspace       used 73699K, committed 74240K, reserved 1114112K
  class space    used 10250K, committed 10496K, reserved 1048576K
}
Event: 154.472 GC heap before
{Heap before GC invocations=24 (full 0):
 garbage-first heap   total 91136K, used 70906K [0x00000000c4000000, 0x0000000100000000)
  region size 1024K, 44 young (45056K), 5 survivors (5120K)
 Metaspace       used 77793K, committed 78400K, reserved 1179648K
  class space    used 10697K, committed 11008K, reserved 1048576K
}
Event: 154.483 GC heap after
{Heap after GC invocations=25 (full 0):
 garbage-first heap   total 91136K, used 34594K [0x00000000c4000000, 0x0000000100000000)
  region size 1024K, 6 young (6144K), 6 survivors (6144K)
 Metaspace       used 77793K, committed 78400K, reserved 1179648K
  class space    used 10697K, committed 11008K, reserved 1048576K
}

